<?xml version="1.0" encoding="UTF-8"?>
<testsuite name="test" tests="1" skipped="0" failures="0" errors="0" timestamp="2022-11-05T15:18:17" hostname="AISELN-YOUYK" time="0.024">
  <properties/>
  <testcase name="testRegex()" classname="test" time="0.024"/>
  <system-out><![CDATA[tesT:dsdf123hello 
]]></system-out>
  <system-err><![CDATA[]]></system-err>
</testsuite>
