<?xml version="1.0" encoding="UTF-8"?>
<testsuite name="test" tests="1" skipped="0" failures="0" errors="0" timestamp="2022-11-12T01:18:58" hostname="AISELN-YOUYK" time="0.02">
  <properties/>
  <testcase name="test3()" classname="test" time="0.02"/>
  <system-out><![CDATA[size:1
]]></system-out>
  <system-err><![CDATA[]]></system-err>
</testsuite>
